<?xml version="1.0" encoding="UTF-8"?>
<!-- Generated by org.testng.reporters.JUnitReportReporter -->
<testsuite hostname="DESKTOP-65K1966" failures="0" tests="2" name="paraBankTest.ParaBank" time="17.950" errors="0" timestamp="2024-10-19T18:42:57 EEST" skipped="0">
  <testcase classname="paraBankTest.ParaBank" name="testPositiveLogin" time="7.516"/>
  <system-out/>
  <testcase classname="paraBankTest.ParaBank" name="testUpdateContactInfo" time="10.434"/>
  <system-out/>
</testsuite> <!-- paraBankTest.ParaBank -->
